<?xml version="1.0" encoding="UTF-8"?>
<!-- Generated by org.testng.reporters.JUnitXMLReporter -->
<testsuite hostname="A901LMAA" ignored="0" name="differnt testng class" tests="9" failures="1" timestamp="13 Feb 2020 19:08:29 GMT" time="74.607" errors="0">
  <testcase name="LoginTest" time="0.013" classname="com.test.TestNGFeatures"/>
  <testcase name="Search" time="0.002" classname="com.test.TestNGFeatures"/>
  <testcase name="Homepage" time="0.002" classname="com.test.TestNGFeatures"/>
  <testcase name="Homepage1" time="0.004" classname="com.test.TestNGFeatures"/>
  <testcase name="GoogleTitleTest" time="0.021" classname="com.test.GoogleTest"/>
  <testcase name="GoogleTitleTest" time="0.015" classname="com.test.GoogleTitle">
    <failure type="java.lang.AssertionError" message="Title is not matched expected [Google123] but found [Google]">
      <![CDATA[java.lang.AssertionError: Title is not matched expected [Google123] but found [Google]
at com.test.GoogleTitle.GoogleTitleTest(GoogleTitle.java:30)
... Removed 30 stack frames]]>
    </failure>
  </testcase> <!-- GoogleTitleTest -->
  <testcase name="GoogleImage" time="0.046" classname="com.test.GoogleTest"/>
  <testcase name="GoogleImage" time="0.067" classname="com.test.GoogleTitle"/>
  <testcase name="Googleprint" time="0.002" classname="com.test.GoogleTest"/>
</testsuite> <!-- differnt testng class -->
